<?xml version="1.0" encoding="UTF-8"?>
<!-- Generated by org.testng.reporters.JUnitReportReporter -->
<testsuite hostname="RPL-NN1-TAB101" failures="0" tests="1" name="todosrestapi.DELETE" time="0.961" errors="0" timestamp="2020-06-20T15:16:36 NZST" skipped="0">
  <testcase classname="todosrestapi.DELETE" name="deletetodos" time="0.961"/>
  <system-out/>
</testsuite> <!-- todosrestapi.DELETE -->
