<?xml version="1.0" encoding="UTF-8"?>
<!-- Generated by org.testng.reporters.JUnitReportReporter -->
<testsuite hostname="RPL-NN1-TAB101" failures="0" tests="1" name="todosrestapi.PUT" time="6.547" errors="0" timestamp="2020-06-20T15:16:36 NZST" skipped="0">
  <testcase classname="todosrestapi.PUT" name="putatodo" time="6.547"/>
  <system-out/>
</testsuite> <!-- todosrestapi.PUT -->
