<?xml version="1.0" encoding="UTF-8"?>
<!-- Generated by org.testng.reporters.JUnitReportReporter -->
<testsuite hostname="RPL-NN1-TAB101" failures="0" tests="1" name="todosrestapi.POST" time="8.940" errors="0" timestamp="2020-06-20T15:19:28 NZST" skipped="0">
  <testcase classname="todosrestapi.POST" name="posttodo" time="8.940"/>
  <system-out/>
</testsuite> <!-- todosrestapi.POST -->
