<?xml version="1.0" encoding="UTF-8"?>
<!-- Generated by org.testng.reporters.JUnitReportReporter -->
<testsuite hostname="RPL-NN1-TAB101" failures="0" tests="2" name="todosrestapi.Get" time="11.149" errors="0" timestamp="2020-06-21T15:37:53 NZST" skipped="0">
  <testcase classname="todosrestapi.Get" name="getlistofalltodos" time="1.221"/>
  <system-out/>
  <testcase classname="todosrestapi.Get" name="getatodo" time="9.928"/>
  <system-out/>
</testsuite> <!-- todosrestapi.Get -->
